<?xml version="1.0" encoding="UTF-8"?>
<!-- Generated by org.testng.reporters.JUnitReportReporter -->
<testsuite hostname="DESKTOP-FABT9F7" failures="0" tests="1" name="scripta.login.LoginTestClass" time="18.946" errors="0" timestamp="2022-01-19T19:53:18 IST" skipped="0">
  <testcase classname="scripta.login.LoginTestClass" name="login" time="18.946"/>
</testsuite> <!-- scripta.login.LoginTestClass -->
