<?xml version="1.0" encoding="UTF-8"?>
<!-- Generated by org.testng.reporters.JUnitReportReporter -->
<testsuite hostname="TTNPL-DeepanshuTyagi" failures="0" tests="1" name="client.reporting.ClientAutomatedReportingCapture2" time="138.791" errors="0" timestamp="2022-09-28T17:54:38 IST" skipped="0">
  <testcase classname="client.reporting.ClientAutomatedReportingCapture2" name="capture" time="138.791"/>
</testsuite> <!-- client.reporting.ClientAutomatedReportingCapture2 -->
